Using pre-set license
Built from '2020.3/staging' branch; Version is '2020.3.20f1 (41c4e627c95f) revision 4310246'; Using compiler version '192528614'; Build Type 'Release'
OS: 'Windows 10 Home; OS build 19043.1348; Version 2009; 64bit' Language: 'en' Physical Memory: 8144 MB
BatchMode: 1, IsHumanControllingUs: 0, StartBugReporterOnCrash: 0, Is64bit: 1, IsPro: 0

COMMAND LINE ARGUMENTS:
E:\2020.3.20f1\Editor\Unity.exe
-adb2
-batchMode
-noUpm
-name
AssetImportWorker0
-projectPath
C:/Users/bball/Desktop/Animal Launcher
-logFile
Logs/AssetImportWorker0.log
-srvPort
57275
Successfully changed project path to: C:/Users/bball/Desktop/Animal Launcher
C:/Users/bball/Desktop/Animal Launcher
Using Asset Import Pipeline V2.
Refreshing native plugins compatible for Editor in 230.46 ms, found 3 plugins.
Preloading 0 native plugins for Editor in 0.00 ms.
Initialize engine version: 2020.3.20f1 (41c4e627c95f)
[Subsystems] Discovering subsystems at path E:/2020.3.20f1/Editor/Data/Resources/UnitySubsystems
[Subsystems] Discovering subsystems at path C:/Users/bball/Desktop/Animal Launcher/Assets
GfxDevice: creating device client; threaded=0
Direct3D:
    Version:  Direct3D 11.0 [level 11.1]
    Renderer: NVIDIA GeForce GTX 1050 (ID=0x1c81)
    Vendor:   
    VRAM:     1977 MB
    Driver:   27.21.14.6172
Initialize mono
Mono path[0] = 'E:/2020.3.20f1/Editor/Data/Managed'
Mono path[1] = 'E:/2020.3.20f1/Editor/Data/MonoBleedingEdge/lib/mono/unityjit'
Mono config path = 'E:/2020.3.20f1/Editor/Data/MonoBleedingEdge/etc'
Using monoOptions --debugger-agent=transport=dt_socket,embedding=1,server=y,suspend=n,address=127.0.0.1:56928
Begin MonoManager ReloadAssembly
Registering precompiled unity dll's ...
Register platform support module: E:/2020.3.20f1/Editor/Data/PlaybackEngines/WindowsStandaloneSupport/UnityEditor.WindowsStandalone.Extensions.dll
Registered in 0.133865 seconds.
Native extension for WindowsStandalone target not found
Refreshing native plugins compatible for Editor in 68.07 ms, found 3 plugins.
Preloading 0 native plugins for Editor in 0.00 ms.
Mono: successfully reloaded assembly
- Completed reload, in  4.663 seconds
Domain Reload Profiling:
	ReloadAssembly (4663ms)
		BeginReloadAssembly (2881ms)
			ExecutionOrderSort (0ms)
			DisableScriptedObjects (0ms)
			BackupInstance (0ms)
			ReleaseScriptingObjects (0ms)
			CreateAndSetChildDomain (1ms)
		EndReloadAssembly (885ms)
			LoadAssemblies (2880ms)
			RebuildTransferFunctionScriptingTraits (0ms)
			SetupTypeCache (501ms)
			ReleaseScriptCaches (0ms)
			RebuildScriptCaches (36ms)
			SetupLoadedEditorAssemblies (240ms)
				LogAssemblyErrors (0ms)
				InitializePlatformSupportModulesInManaged (5ms)
				SetLoadedEditorAssemblies (0ms)
				RefreshPlugins (68ms)
				BeforeProcessingInitializeOnLoad (17ms)
				ProcessInitializeOnLoadAttributes (106ms)
				ProcessInitializeOnLoadMethodAttributes (44ms)
				AfterProcessingInitializeOnLoad (0ms)
				EditorAssembliesLoaded (0ms)
			ExecutionOrderSort2 (0ms)
			AwakeInstancesAfterBackupRestoration (0ms)
Platform modules already initialized, skipping
Registering precompiled user dll's ...
Registered in 0.469670 seconds.
Begin MonoManager ReloadAssembly
Native extension for WindowsStandalone target not found
Refreshing native plugins compatible for Editor in 69.79 ms, found 3 plugins.
Preloading 0 native plugins for Editor in 0.00 ms.
Mono: successfully reloaded assembly
- Completed reload, in  5.050 seconds
Domain Reload Profiling:
	ReloadAssembly (5057ms)
		BeginReloadAssembly (185ms)
			ExecutionOrderSort (0ms)
			DisableScriptedObjects (6ms)
			BackupInstance (0ms)
			ReleaseScriptingObjects (0ms)
			CreateAndSetChildDomain (24ms)
		EndReloadAssembly (4792ms)
			LoadAssemblies (2902ms)
			RebuildTransferFunctionScriptingTraits (0ms)
			SetupTypeCache (987ms)
			ReleaseScriptCaches (1ms)
			RebuildScriptCaches (68ms)
			SetupLoadedEditorAssemblies (668ms)
				LogAssemblyErrors (0ms)
				InitializePlatformSupportModulesInManaged (5ms)
				SetLoadedEditorAssemblies (0ms)
				RefreshPlugins (70ms)
				BeforeProcessingInitializeOnLoad (103ms)
				ProcessInitializeOnLoadAttributes (468ms)
				ProcessInitializeOnLoadMethodAttributes (20ms)
				AfterProcessingInitializeOnLoad (3ms)
				EditorAssembliesLoaded (0ms)
			ExecutionOrderSort2 (0ms)
			AwakeInstancesAfterBackupRestoration (9ms)
Platform modules already initialized, skipping
========================================================================
Worker process is ready to serve import requests
Launched and connected shader compiler UnityShaderCompiler.exe after 0.17 seconds
Refreshing native plugins compatible for Editor in 0.84 ms, found 3 plugins.
Preloading 0 native plugins for Editor in 0.00 ms.
Unloading 2288 Unused Serialized files (Serialized files now loaded: 0)
System memory in use before: 113.8 MB.
System memory in use after: 114.0 MB.

Unloading 26 unused Assets to reduce memory usage. Loaded Objects now: 2748.
Total: 4.048100 ms (FindLiveObjects: 0.292400 ms CreateObjectMapping: 0.098000 ms MarkObjects: 3.621500 ms  DeleteObjects: 0.034000 ms)

AssetImportParameters requested are different than current active one (requested -> active):
  custom:framework-win-MediaFoundation: 216162199b28c13a410421893ffa2e32 -> 
  custom:video-decoder-ogg-theora: a1e56fd34408186e4bbccfd4996cb3dc -> 
  custom:container-muxer-webm: aa71ff27fc2769a1b78a27578f13a17b -> 
  custom:container-demuxer-webm: 4f35f7cbe854078d1ac9338744f61a02 -> 
  custom:container-demuxer-ogg: 62fdf1f143b41e24485cea50d1cbac27 -> 
  custom:video-encoder-webm-vp8: eb34c28f22e8b96e1ab97ce403110664 -> 
  custom:video-codec-MediaFoundation-h265: 746d11721c4dcdbdad8f713fa42b33f4 -> 
  custom:video-decoder-webm-vp8: 9c59270c3fd7afecdb556c50c9e8de78 -> 
  custom:audio-decoder-ogg-vorbis: bf7c407c2cedff20999df2af8eb42d56 -> 
  custom:audio-encoder-webm-vorbis: bf7c407c2cedff20999df2af8eb42d56 -> 
========================================================================
Received Prepare
Registering precompiled user dll's ...
Registered in 0.004772 seconds.
Begin MonoManager ReloadAssembly
Native extension for WindowsStandalone target not found
Refreshing native plugins compatible for Editor in 0.70 ms, found 3 plugins.
Preloading 0 native plugins for Editor in 0.00 ms.
Mono: successfully reloaded assembly
- Completed reload, in  1.363 seconds
Domain Reload Profiling:
	ReloadAssembly (1364ms)
		BeginReloadAssembly (153ms)
			ExecutionOrderSort (0ms)
			DisableScriptedObjects (9ms)
			BackupInstance (0ms)
			ReleaseScriptingObjects (0ms)
			CreateAndSetChildDomain (51ms)
		EndReloadAssembly (1132ms)
			LoadAssemblies (124ms)
			RebuildTransferFunctionScriptingTraits (0ms)
			SetupTypeCache (372ms)
			ReleaseScriptCaches (2ms)
			RebuildScriptCaches (73ms)
			SetupLoadedEditorAssemblies (426ms)
				LogAssemblyErrors (0ms)
				InitializePlatformSupportModulesInManaged (6ms)
				SetLoadedEditorAssemblies (1ms)
				RefreshPlugins (1ms)
				BeforeProcessingInitializeOnLoad (134ms)
				ProcessInitializeOnLoadAttributes (273ms)
				ProcessInitializeOnLoadMethodAttributes (8ms)
				AfterProcessingInitializeOnLoad (3ms)
				EditorAssembliesLoaded (0ms)
			ExecutionOrderSort2 (0ms)
			AwakeInstancesAfterBackupRestoration (14ms)
Platform modules already initialized, skipping
Refreshing native plugins compatible for Editor in 0.70 ms, found 3 plugins.
Preloading 0 native plugins for Editor in 0.00 ms.
Unloading 2263 Unused Serialized files (Serialized files now loaded: 0)
System memory in use before: 112.0 MB.
System memory in use after: 112.2 MB.

Unloading 16 unused Assets to reduce memory usage. Loaded Objects now: 2750.
Total: 4.096900 ms (FindLiveObjects: 0.318700 ms CreateObjectMapping: 0.071000 ms MarkObjects: 3.671700 ms  DeleteObjects: 0.033500 ms)

AssetImportParameters requested are different than current active one (requested -> active):
  custom:framework-win-MediaFoundation: 216162199b28c13a410421893ffa2e32 -> 
  custom:video-decoder-ogg-theora: a1e56fd34408186e4bbccfd4996cb3dc -> 
  custom:container-muxer-webm: aa71ff27fc2769a1b78a27578f13a17b -> 
  custom:container-demuxer-webm: 4f35f7cbe854078d1ac9338744f61a02 -> 
  custom:container-demuxer-ogg: 62fdf1f143b41e24485cea50d1cbac27 -> 
  custom:video-encoder-webm-vp8: eb34c28f22e8b96e1ab97ce403110664 -> 
  custom:video-codec-MediaFoundation-h265: 746d11721c4dcdbdad8f713fa42b33f4 -> 
  custom:video-decoder-webm-vp8: 9c59270c3fd7afecdb556c50c9e8de78 -> 
  custom:audio-decoder-ogg-vorbis: bf7c407c2cedff20999df2af8eb42d56 -> 
  custom:audio-encoder-webm-vorbis: bf7c407c2cedff20999df2af8eb42d56 -> 
========================================================================
Received Import Request.
  path: Assets/Scenes/SampleScene.unity
  artifactKey: Guid(2cda990e2423bbf4892e6590ba056729) Importer(815301076,1909f56bfc062723c751e8b465ee728b)
Start importing Assets/Scenes/SampleScene.unity using Guid(2cda990e2423bbf4892e6590ba056729) Importer(815301076,1909f56bfc062723c751e8b465ee728b)  -> (artifact id: '3e972faf256b6987683c4e782d70b83b') in 0.027052 seconds 
  Import took 0.031447 seconds .

========================================================================
Received Import Request.
  Time since last request: 160.081463 seconds.
  path: Assets/Level7.unity
  artifactKey: Guid(869482e2b1d0af74496cc8bcd2593058) Importer(815301076,1909f56bfc062723c751e8b465ee728b)
Start importing Assets/Level7.unity using Guid(869482e2b1d0af74496cc8bcd2593058) Importer(815301076,1909f56bfc062723c751e8b465ee728b)  -> (artifact id: '00000000000000000000000000000000') in 11.978017 seconds  code(4) message(Build asset version error: assets/level7.unity in SourceAssetDB has modification time of '2021-11-25T16:25:29.8573463Z' while content on disk has modification time of '0001-01-01T00:00:00Z' with error code 2
Stacktrace:
0x00007ff6f3687c1c (Unity) StackWalker::GetCurrentCallstack
0x00007ff6f36902b9 (Unity) StackWalker::ShowCallstack
0x00007ff6f4bb45bc (Unity) GetStacktrace
0x00007ff6f4d97a27 (Unity) GetAssetHashAndValidate
0x00007ff6f4d92bf3 (Unity) AssetVersionBuilder::BuildHashOfSourceAssetArray
0x00007ff6f4d90b62 (Unity) AssetVersionBuilder::BuildAssetVersion
0x00007ff6f4d6af7d (Unity) CreateAssetVersionBuilder
0x00007ff6f4d71c7d (Unity) ImportToObjects
0x00007ff6f4d70a98 (Unity) ImportAsset
0x00007ff6f4cd27f8 (Unity) AssetImportWorker::Import
0x00007ff6f4d25b8a (Unity) <lambda_7448d646502792db0127dc89657ec83e>::operator()
0x00007ff6f4dca262 (Unity) asio::detail::completion_handler<core::mutable_function<void __cdecl(void)> >::do_complete
0x00007ff6f4dcc3c0 (Unity) asio::detail::win_iocp_io_service::do_one
0x00007ff6f4dcfb4e (Unity) asio::io_service::run
0x00007ff6f4d529eb (Unity) RunAssetImportWorkerClientV2
0x00007ff6f4d52a40 (Unity) RunAssetImporterV2
0x00007ff6f4216616 (Unity) Application::InitializeProject
0x00007ff6f4bc1b22 (Unity) WinMain
0x00007ff6f6a192b6 (Unity) __scrt_common_main_seh
0x00007ff8f2317034 (KERNEL32) BaseThreadInitThunk
0x00007ff8f3c02651 (ntdll) RtlUserThreadStart
)
  ERROR: Build asset version error: assets/level7.unity in SourceAssetDB has modification time of '2021-11-25T16:25:29.8573463Z' while content on disk has modification time of '0001-01-01T00:00:00Z' with error code 2
Stacktrace:
0x00007ff6f3687c1c (Unity) StackWalker::GetCurrentCallstack
0x00007ff6f36902b9 (Unity) StackWalker::ShowCallstack
0x00007ff6f4bb45bc (Unity) GetStacktrace
0x00007ff6f4d97a27 (Unity) GetAssetHashAndValidate
0x00007ff6f4d92bf3 (Unity) AssetVersionBuilder::BuildHashOfSourceAssetArray
0x00007ff6f4d90b62 (Unity) AssetVersionBuilder::BuildAssetVersion
0x00007ff6f4d6af7d (Unity) CreateAssetVersionBuilder
0x00007ff6f4d71c7d (Unity) ImportToObjects
0x00007ff6f4d70a98 (Unity) ImportAsset
0x00007ff6f4cd27f8 (Unity) AssetImportWorker::Import
0x00007ff6f4d25b8a (Unity) <lambda_7448d646502792db0127dc89657ec83e>::operator()
0x00007ff6f4dca262 (Unity) asio::detail::completion_handler<core::mutable_function<void __cdecl(void)> >::do_complete
0x00007ff6f4dcc3c0 (Unity) asio::detail::win_iocp_io_service::do_one
0x00007ff6f4dcfb4e (Unity) asio::io_service::run
0x00007ff6f4d529eb (Unity) RunAssetImportWorkerClientV2
0x00007ff6f4d52a40 (Unity) RunAssetImporterV2
0x00007ff6f4216616 (Unity) Application::InitializeProject
0x00007ff6f4bc1b22 (Unity) WinMain
0x00007ff6f6a192b6 (Unity) __scrt_common_main_seh
0x00007ff8f2317034 (KERNEL32) BaseThreadInitThunk
0x00007ff8f3c02651 (ntdll) RtlUserThreadStart

  Import took 11.983871 seconds .

========================================================================
Received Import Request.
  Time since last request: 21.016980 seconds.
  path: Assets/Scenes/Level7.unity
  artifactKey: Guid(947a190349df6fa43ad73ca6c8f8b573) Importer(815301076,1909f56bfc062723c751e8b465ee728b)
Start importing Assets/Scenes/Level7.unity using Guid(947a190349df6fa43ad73ca6c8f8b573) Importer(815301076,1909f56bfc062723c751e8b465ee728b)  -> (artifact id: '0d3b67bc7e9cba5f1dcea59140cf5f06') in 0.014095 seconds 
  Import took 0.018619 seconds .

========================================================================
Received Import Request.
  Time since last request: 6.580715 seconds.
  path: Assets/Scenes/Level6.unity
  artifactKey: Guid(c001a20206290984a9288dce5d131fd3) Importer(815301076,1909f56bfc062723c751e8b465ee728b)
Start importing Assets/Scenes/Level6.unity using Guid(c001a20206290984a9288dce5d131fd3) Importer(815301076,1909f56bfc062723c751e8b465ee728b)  -> (artifact id: '783be480264f61114b7ebf79409e4906') in 0.011109 seconds 
  Import took 0.016815 seconds .

========================================================================
Received Import Request.
  Time since last request: 16.961931 seconds.
  path: Assets/Level7.unity
  artifactKey: Guid(869482e2b1d0af74496cc8bcd2593058) Importer(815301076,1909f56bfc062723c751e8b465ee728b)
Start importing Assets/Level7.unity using Guid(869482e2b1d0af74496cc8bcd2593058) Importer(815301076,1909f56bfc062723c751e8b465ee728b)  -> (artifact id: '9c9ca5890f867e6ba23c2dd86e1a9ec0') in 0.005850 seconds 
  Import took 0.012379 seconds .

========================================================================
Received Import Request.
  Time since last request: 12.960979 seconds.
  path: Assets/TestScene.unity
  artifactKey: Guid(869482e2b1d0af74496cc8bcd2593058) Importer(815301076,1909f56bfc062723c751e8b465ee728b)
Start importing Assets/TestScene.unity using Guid(869482e2b1d0af74496cc8bcd2593058) Importer(815301076,1909f56bfc062723c751e8b465ee728b)  -> (artifact id: '1acf62dae4ae6527bd49e956e6350774') in 0.011511 seconds 
  Import took 0.016117 seconds .

========================================================================
Received Import Request.
  Time since last request: 163.159517 seconds.
  path: Assets/Scenes/Level1.unity
  artifactKey: Guid(64a232c94e8cc7e4a87eb74d3fbf5796) Importer(815301076,1909f56bfc062723c751e8b465ee728b)
Start importing Assets/Scenes/Level1.unity using Guid(64a232c94e8cc7e4a87eb74d3fbf5796) Importer(815301076,1909f56bfc062723c751e8b465ee728b)  -> (artifact id: '6dde4a37b67ea05cc51402af9b7006d5') in 0.012948 seconds 
  Import took 0.017778 seconds .

========================================================================
Received Import Request.
  Time since last request: 83.039923 seconds.
  path: Assets/Scenes/Level2.unity
  artifactKey: Guid(05a7a859ecf7dd943ba6381388085675) Importer(815301076,1909f56bfc062723c751e8b465ee728b)
Start importing Assets/Scenes/Level2.unity using Guid(05a7a859ecf7dd943ba6381388085675) Importer(815301076,1909f56bfc062723c751e8b465ee728b)  -> (artifact id: '752b2d2814b34a47b2378296216e0fda') in 0.010621 seconds 
  Import took 0.015658 seconds .

========================================================================
Received Prepare
Registering precompiled user dll's ...
Registered in 0.006788 seconds.
Begin MonoManager ReloadAssembly
Native extension for WindowsStandalone target not found
Refreshing native plugins compatible for Editor in 0.71 ms, found 3 plugins.
Preloading 0 native plugins for Editor in 0.00 ms.
Mono: successfully reloaded assembly
- Completed reload, in  1.501 seconds
Domain Reload Profiling:
	ReloadAssembly (1501ms)
		BeginReloadAssembly (151ms)
			ExecutionOrderSort (0ms)
			DisableScriptedObjects (11ms)
			BackupInstance (0ms)
			ReleaseScriptingObjects (0ms)
			CreateAndSetChildDomain (47ms)
		EndReloadAssembly (1268ms)
			LoadAssemblies (135ms)
			RebuildTransferFunctionScriptingTraits (0ms)
			SetupTypeCache (419ms)
			ReleaseScriptCaches (2ms)
			RebuildScriptCaches (75ms)
			SetupLoadedEditorAssemblies (481ms)
				LogAssemblyErrors (0ms)
				InitializePlatformSupportModulesInManaged (6ms)
				SetLoadedEditorAssemblies (1ms)
				RefreshPlugins (1ms)
				BeforeProcessingInitializeOnLoad (146ms)
				ProcessInitializeOnLoadAttributes (316ms)
				ProcessInitializeOnLoadMethodAttributes (8ms)
				AfterProcessingInitializeOnLoad (3ms)
				EditorAssembliesLoaded (0ms)
			ExecutionOrderSort2 (0ms)
			AwakeInstancesAfterBackupRestoration (17ms)
Platform modules already initialized, skipping
Refreshing native plugins compatible for Editor in 0.74 ms, found 3 plugins.
Preloading 0 native plugins for Editor in 0.00 ms.
Unloading 2263 Unused Serialized files (Serialized files now loaded: 0)
System memory in use before: 112.1 MB.
System memory in use after: 112.3 MB.

Unloading 16 unused Assets to reduce memory usage. Loaded Objects now: 2752.
Total: 4.139600 ms (FindLiveObjects: 0.317000 ms CreateObjectMapping: 0.070200 ms MarkObjects: 3.724000 ms  DeleteObjects: 0.026600 ms)

AssetImportParameters requested are different than current active one (requested -> active):
  custom:framework-win-MediaFoundation: 216162199b28c13a410421893ffa2e32 -> 
  custom:video-decoder-ogg-theora: a1e56fd34408186e4bbccfd4996cb3dc -> 
  custom:container-muxer-webm: aa71ff27fc2769a1b78a27578f13a17b -> 
  custom:container-demuxer-webm: 4f35f7cbe854078d1ac9338744f61a02 -> 
  custom:container-demuxer-ogg: 62fdf1f143b41e24485cea50d1cbac27 -> 
  custom:video-encoder-webm-vp8: eb34c28f22e8b96e1ab97ce403110664 -> 
  custom:video-codec-MediaFoundation-h265: 746d11721c4dcdbdad8f713fa42b33f4 -> 
  custom:video-decoder-webm-vp8: 9c59270c3fd7afecdb556c50c9e8de78 -> 
  custom:audio-decoder-ogg-vorbis: bf7c407c2cedff20999df2af8eb42d56 -> 
  custom:audio-encoder-webm-vorbis: bf7c407c2cedff20999df2af8eb42d56 -> 
========================================================================
Received Prepare
Registering precompiled user dll's ...
Registered in 0.004993 seconds.
Begin MonoManager ReloadAssembly
Native extension for WindowsStandalone target not found
Refreshing native plugins compatible for Editor in 1.05 ms, found 3 plugins.
Preloading 0 native plugins for Editor in 0.00 ms.
Mono: successfully reloaded assembly
- Completed reload, in  1.559 seconds
Domain Reload Profiling:
	ReloadAssembly (1560ms)
		BeginReloadAssembly (180ms)
			ExecutionOrderSort (0ms)
			DisableScriptedObjects (10ms)
			BackupInstance (0ms)
			ReleaseScriptingObjects (0ms)
			CreateAndSetChildDomain (72ms)
		EndReloadAssembly (1287ms)
			LoadAssemblies (133ms)
			RebuildTransferFunctionScriptingTraits (0ms)
			SetupTypeCache (447ms)
			ReleaseScriptCaches (2ms)
			RebuildScriptCaches (78ms)
			SetupLoadedEditorAssemblies (466ms)
				LogAssemblyErrors (0ms)
				InitializePlatformSupportModulesInManaged (6ms)
				SetLoadedEditorAssemblies (1ms)
				RefreshPlugins (1ms)
				BeforeProcessingInitializeOnLoad (150ms)
				ProcessInitializeOnLoadAttributes (297ms)
				ProcessInitializeOnLoadMethodAttributes (8ms)
				AfterProcessingInitializeOnLoad (3ms)
				EditorAssembliesLoaded (0ms)
			ExecutionOrderSort2 (0ms)
			AwakeInstancesAfterBackupRestoration (20ms)
Platform modules already initialized, skipping
Refreshing native plugins compatible for Editor in 0.73 ms, found 3 plugins.
Preloading 0 native plugins for Editor in 0.00 ms.
Unloading 2263 Unused Serialized files (Serialized files now loaded: 0)
System memory in use before: 112.1 MB.
System memory in use after: 112.3 MB.

Unloading 16 unused Assets to reduce memory usage. Loaded Objects now: 2754.
Total: 4.042500 ms (FindLiveObjects: 0.287400 ms CreateObjectMapping: 0.071300 ms MarkObjects: 3.659900 ms  DeleteObjects: 0.022400 ms)

AssetImportParameters requested are different than current active one (requested -> active):
  custom:framework-win-MediaFoundation: 216162199b28c13a410421893ffa2e32 -> 
  custom:video-decoder-ogg-theora: a1e56fd34408186e4bbccfd4996cb3dc -> 
  custom:container-muxer-webm: aa71ff27fc2769a1b78a27578f13a17b -> 
  custom:container-demuxer-webm: 4f35f7cbe854078d1ac9338744f61a02 -> 
  custom:container-demuxer-ogg: 62fdf1f143b41e24485cea50d1cbac27 -> 
  custom:video-encoder-webm-vp8: eb34c28f22e8b96e1ab97ce403110664 -> 
  custom:video-codec-MediaFoundation-h265: 746d11721c4dcdbdad8f713fa42b33f4 -> 
  custom:video-decoder-webm-vp8: 9c59270c3fd7afecdb556c50c9e8de78 -> 
  custom:audio-decoder-ogg-vorbis: bf7c407c2cedff20999df2af8eb42d56 -> 
  custom:audio-encoder-webm-vorbis: bf7c407c2cedff20999df2af8eb42d56 -> 
========================================================================
Received Import Request.
  Time since last request: 61.154200 seconds.
  path: Assets/Scenes/Level16.unity
  artifactKey: Guid(72392f29cb789ca40ae6a30c46e6279f) Importer(815301076,1909f56bfc062723c751e8b465ee728b)
Start importing Assets/Scenes/Level16.unity using Guid(72392f29cb789ca40ae6a30c46e6279f) Importer(815301076,1909f56bfc062723c751e8b465ee728b)  -> (artifact id: '41a3e0fc14704d731b71f270b7951ca5') in 0.032334 seconds 
  Import took 0.040195 seconds .

========================================================================
Received Import Request.
  Time since last request: 1.871280 seconds.
  path: Assets/Scenes/Level13.unity
  artifactKey: Guid(73f340232b23db24b93f20cf4d52975c) Importer(815301076,1909f56bfc062723c751e8b465ee728b)
Start importing Assets/Scenes/Level13.unity using Guid(73f340232b23db24b93f20cf4d52975c) Importer(815301076,1909f56bfc062723c751e8b465ee728b)  -> (artifact id: 'a438da0818c0d69e0422040d0c8e4a2a') in 0.011445 seconds 
  Import took 0.015465 seconds .

========================================================================
Received Import Request.
  Time since last request: 19.455311 seconds.
  path: Assets/Scenes/LevelS
  artifactKey: Guid(4f1707bc21437334da17fa965fd94d76) Importer(815301076,1909f56bfc062723c751e8b465ee728b)
Start importing Assets/Scenes/LevelS using Guid(4f1707bc21437334da17fa965fd94d76) Importer(815301076,1909f56bfc062723c751e8b465ee728b)  -> (artifact id: 'd22553d8cbbec572cb18c3696d317f12') in 0.018329 seconds 
  Import took 0.033061 seconds .

========================================================================
Received Import Request.
  Time since last request: 1.500220 seconds.
  path: Assets/Scenes/Level1.unity
  artifactKey: Guid(64a232c94e8cc7e4a87eb74d3fbf5796) Importer(815301076,1909f56bfc062723c751e8b465ee728b)
Start importing Assets/Scenes/Level1.unity using Guid(64a232c94e8cc7e4a87eb74d3fbf5796) Importer(815301076,1909f56bfc062723c751e8b465ee728b)  -> (artifact id: '13619415f62433631e8340b3836087d2') in 0.008746 seconds 
  Import took 0.012679 seconds .

========================================================================
Received Import Request.
  Time since last request: 22.860276 seconds.
  path: Assets/Scenes/Levels/Level3.unity
  artifactKey: Guid(dc308894794bf5b41aeb7797fa09b49c) Importer(815301076,1909f56bfc062723c751e8b465ee728b)
Start importing Assets/Scenes/Levels/Level3.unity using Guid(dc308894794bf5b41aeb7797fa09b49c) Importer(815301076,1909f56bfc062723c751e8b465ee728b)  -> (artifact id: '6e1a8ac88d2f760cac4b2d2a6e1ce39c') in 0.011571 seconds 
  Import took 0.016165 seconds .

========================================================================
Received Import Request.
  Time since last request: 67.754571 seconds.
  path: Assets/Scenes/Levels/Level4.unity
  artifactKey: Guid(ad29cbecef2bc514bb8b24bade6b1065) Importer(815301076,1909f56bfc062723c751e8b465ee728b)
Start importing Assets/Scenes/Levels/Level4.unity using Guid(ad29cbecef2bc514bb8b24bade6b1065) Importer(815301076,1909f56bfc062723c751e8b465ee728b)  -> (artifact id: '68b636eb3bba3fbd7a22bd79189c044b') in 0.013719 seconds 
  Import took 0.017835 seconds .

========================================================================
Received Import Request.
  Time since last request: 34.581786 seconds.
  path: Assets/Scenes/Levels/Level5.unity
  artifactKey: Guid(704f63fd36b3ad749a07ee68a40792e1) Importer(815301076,1909f56bfc062723c751e8b465ee728b)
Start importing Assets/Scenes/Levels/Level5.unity using Guid(704f63fd36b3ad749a07ee68a40792e1) Importer(815301076,1909f56bfc062723c751e8b465ee728b)  -> (artifact id: '778d977e3827912c7d8013e67b3fc010') in 0.012191 seconds 
  Import took 0.021303 seconds .

========================================================================
Received Import Request.
  Time since last request: 90.732231 seconds.
  path: Assets/Scenes/Levels/Level8.unity
  artifactKey: Guid(b34c29a0ae070a04fa38a4bd2b6d2f58) Importer(815301076,1909f56bfc062723c751e8b465ee728b)
Start importing Assets/Scenes/Levels/Level8.unity using Guid(b34c29a0ae070a04fa38a4bd2b6d2f58) Importer(815301076,1909f56bfc062723c751e8b465ee728b)  -> (artifact id: '79bedbca25304731fec7556be3d6a2b9') in 0.012158 seconds 
  Import took 0.016690 seconds .

========================================================================
Received Import Request.
  Time since last request: 32.410152 seconds.
  path: Assets/Scenes/Levels/Level7.unity
  artifactKey: Guid(947a190349df6fa43ad73ca6c8f8b573) Importer(815301076,1909f56bfc062723c751e8b465ee728b)
Start importing Assets/Scenes/Levels/Level7.unity using Guid(947a190349df6fa43ad73ca6c8f8b573) Importer(815301076,1909f56bfc062723c751e8b465ee728b)  -> (artifact id: '2344a77109bce7143817d43d7e22e83b') in 0.005059 seconds 
  Import took 0.009854 seconds .

========================================================================
Received Import Request.
  Time since last request: 26.275919 seconds.
  path: Assets/Scenes/Levels/Level9.unity
  artifactKey: Guid(6b5ba1b8a2cd60b48ac3c7735f736ef6) Importer(815301076,1909f56bfc062723c751e8b465ee728b)
Start importing Assets/Scenes/Levels/Level9.unity using Guid(6b5ba1b8a2cd60b48ac3c7735f736ef6) Importer(815301076,1909f56bfc062723c751e8b465ee728b)  -> (artifact id: '683523ab161d260930526c04b656e0ab') in 0.014047 seconds 
  Import took 0.018721 seconds .

========================================================================
Received Import Request.
  Time since last request: 26.155707 seconds.
  path: Assets/Scenes/Levels
  artifactKey: Guid(4f1707bc21437334da17fa965fd94d76) Importer(815301076,1909f56bfc062723c751e8b465ee728b)
Start importing Assets/Scenes/Levels using Guid(4f1707bc21437334da17fa965fd94d76) Importer(815301076,1909f56bfc062723c751e8b465ee728b)  -> (artifact id: 'a2cc0c999cb340e438cbd080525f91fb') in 0.011665 seconds 
  Import took 0.019227 seconds .

========================================================================
Received Import Request.
  Time since last request: 1.760605 seconds.
  path: Assets/Scenes/Levels/Level10.unity
  artifactKey: Guid(ff3ef012a11845241ae72e0c107957b3) Importer(815301076,1909f56bfc062723c751e8b465ee728b)
Start importing Assets/Scenes/Levels/Level10.unity using Guid(ff3ef012a11845241ae72e0c107957b3) Importer(815301076,1909f56bfc062723c751e8b465ee728b)  -> (artifact id: 'f5c2b3abf8b61b28dd1cbdc0fb77700c') in 0.011398 seconds 
  Import took 0.018233 seconds .

========================================================================
Received Import Request.
  Time since last request: 24.301320 seconds.
  path: Assets/Scenes/Levels/Level11.unity
  artifactKey: Guid(34d5879f4ef442a40a578f5488ac9002) Importer(815301076,1909f56bfc062723c751e8b465ee728b)
Start importing Assets/Scenes/Levels/Level11.unity using Guid(34d5879f4ef442a40a578f5488ac9002) Importer(815301076,1909f56bfc062723c751e8b465ee728b)  -> (artifact id: '038d8044b68974b9c1de5e00dc537b20') in 0.018002 seconds 
  Import took 0.022378 seconds .

========================================================================
Received Import Request.
  Time since last request: 28.933387 seconds.
  path: Assets/Scenes/Levels/Level12.unity
  artifactKey: Guid(d583771f789fdce4599ab2995fb766f5) Importer(815301076,1909f56bfc062723c751e8b465ee728b)
Start importing Assets/Scenes/Levels/Level12.unity using Guid(d583771f789fdce4599ab2995fb766f5) Importer(815301076,1909f56bfc062723c751e8b465ee728b)  -> (artifact id: '55979f639597b192b5dfea4fb529f9a2') in 0.013338 seconds 
  Import took 0.017732 seconds .

========================================================================
Received Import Request.
  Time since last request: 163.321706 seconds.
  path: Assets/Prefabs/UI/Selector Menus/SelectLevelOverlayCanvas 1.prefab
  artifactKey: Guid(748207d3bd2add64e87054e543b2f525) Importer(815301076,1909f56bfc062723c751e8b465ee728b)
Start importing Assets/Prefabs/UI/Selector Menus/SelectLevelOverlayCanvas 1.prefab using Guid(748207d3bd2add64e87054e543b2f525) Importer(815301076,1909f56bfc062723c751e8b465ee728b)  -> (artifact id: '1e987612c834de3f33f150a471fe8505') in 0.195139 seconds 
  Import took 0.230926 seconds .

========================================================================
Received Import Request.
  Time since last request: 26.784979 seconds.
  path: Assets/Prefabs/UI/Selector Menus/SelectLevelOverlayCanvas 1.prefab
  artifactKey: Guid(748207d3bd2add64e87054e543b2f525) Importer(815301076,1909f56bfc062723c751e8b465ee728b)
Start importing Assets/Prefabs/UI/Selector Menus/SelectLevelOverlayCanvas 1.prefab using Guid(748207d3bd2add64e87054e543b2f525) Importer(815301076,1909f56bfc062723c751e8b465ee728b)  -> (artifact id: 'b5ab8eb6df0ec00c081d1306b3cbd0c4') in 0.049197 seconds 
  Import took 0.058689 seconds .

========================================================================
Received Import Request.
  Time since last request: 10.806333 seconds.
  path: Assets/Prefabs/UI/Selector Menus/SelectLevelOverlayCanvas 1.prefab
  artifactKey: Guid(748207d3bd2add64e87054e543b2f525) Importer(815301076,1909f56bfc062723c751e8b465ee728b)
Start importing Assets/Prefabs/UI/Selector Menus/SelectLevelOverlayCanvas 1.prefab using Guid(748207d3bd2add64e87054e543b2f525) Importer(815301076,1909f56bfc062723c751e8b465ee728b)  -> (artifact id: '1524eb50771e64d6535f937963ee4630') in 0.058763 seconds 
  Import took 0.064266 seconds .

========================================================================
Received Import Request.
  Time since last request: 6.688865 seconds.
  path: Assets/Prefabs/UI/Selector Menus/SelectLevelOverlayCanvas 1.prefab
  artifactKey: Guid(748207d3bd2add64e87054e543b2f525) Importer(815301076,1909f56bfc062723c751e8b465ee728b)
Start importing Assets/Prefabs/UI/Selector Menus/SelectLevelOverlayCanvas 1.prefab using Guid(748207d3bd2add64e87054e543b2f525) Importer(815301076,1909f56bfc062723c751e8b465ee728b)  -> (artifact id: '58dde7f97eaf740926340da07dbd92fe') in 0.042081 seconds 
  Import took 0.047692 seconds .

========================================================================
Received Import Request.
  Time since last request: 3.184038 seconds.
  path: Assets/Prefabs/UI/Selector Menus/SelectLevelOverlayCanvas 1.prefab
  artifactKey: Guid(748207d3bd2add64e87054e543b2f525) Importer(815301076,1909f56bfc062723c751e8b465ee728b)
Start importing Assets/Prefabs/UI/Selector Menus/SelectLevelOverlayCanvas 1.prefab using Guid(748207d3bd2add64e87054e543b2f525) Importer(815301076,1909f56bfc062723c751e8b465ee728b)  -> (artifact id: '8b78ef4dd527ffd5efeb313d60964f65') in 0.045544 seconds 
  Import took 0.057099 seconds .

========================================================================
Received Import Request.
  Time since last request: 5.187793 seconds.
  path: Assets/Prefabs/UI/Selector Menus/SelectLevelOverlayCanvas 1.prefab
  artifactKey: Guid(748207d3bd2add64e87054e543b2f525) Importer(815301076,1909f56bfc062723c751e8b465ee728b)
Start importing Assets/Prefabs/UI/Selector Menus/SelectLevelOverlayCanvas 1.prefab using Guid(748207d3bd2add64e87054e543b2f525) Importer(815301076,1909f56bfc062723c751e8b465ee728b)  -> (artifact id: '0ae707c5f78c43c53a4ce7a998d69d57') in 0.041484 seconds 
  Import took 0.046698 seconds .

========================================================================
Received Import Request.
  Time since last request: 4.215517 seconds.
  path: Assets/Prefabs/UI/Selector Menus/SelectLevelOverlayCanvas 1.prefab
  artifactKey: Guid(748207d3bd2add64e87054e543b2f525) Importer(815301076,1909f56bfc062723c751e8b465ee728b)
Start importing Assets/Prefabs/UI/Selector Menus/SelectLevelOverlayCanvas 1.prefab using Guid(748207d3bd2add64e87054e543b2f525) Importer(815301076,1909f56bfc062723c751e8b465ee728b)  -> (artifact id: 'f6cd726a1ce98f99cb967c39467e1f38') in 0.052559 seconds 
  Import took 0.057855 seconds .

========================================================================
Received Import Request.
  Time since last request: 5.032584 seconds.
  path: Assets/Prefabs/UI/Selector Menus/SelectLevelOverlayCanvas 1.prefab
  artifactKey: Guid(748207d3bd2add64e87054e543b2f525) Importer(815301076,1909f56bfc062723c751e8b465ee728b)
Start importing Assets/Prefabs/UI/Selector Menus/SelectLevelOverlayCanvas 1.prefab using Guid(748207d3bd2add64e87054e543b2f525) Importer(815301076,1909f56bfc062723c751e8b465ee728b)  -> (artifact id: '75bf3466a6de837bf6135c5de8b5e75f') in 0.044546 seconds 
  Import took 0.049081 seconds .

========================================================================
Received Import Request.
  Time since last request: 7.034587 seconds.
  path: Assets/Prefabs/UI/Selector Menus/SelectLevelOverlayCanvas 1.prefab
  artifactKey: Guid(748207d3bd2add64e87054e543b2f525) Importer(815301076,1909f56bfc062723c751e8b465ee728b)
Start importing Assets/Prefabs/UI/Selector Menus/SelectLevelOverlayCanvas 1.prefab using Guid(748207d3bd2add64e87054e543b2f525) Importer(815301076,1909f56bfc062723c751e8b465ee728b)  -> (artifact id: '536ff627287c3d787aa041bbbe9b65ac') in 0.037456 seconds 
  Import took 0.048736 seconds .

========================================================================
Received Import Request.
  Time since last request: 2.177169 seconds.
  path: Assets/Prefabs/UI/Selector Menus/SelectLevelOverlayCanvas 1.prefab
  artifactKey: Guid(748207d3bd2add64e87054e543b2f525) Importer(815301076,1909f56bfc062723c751e8b465ee728b)
Start importing Assets/Prefabs/UI/Selector Menus/SelectLevelOverlayCanvas 1.prefab using Guid(748207d3bd2add64e87054e543b2f525) Importer(815301076,1909f56bfc062723c751e8b465ee728b)  -> (artifact id: 'd9d0da9b6ff816bcdaef7b5d37393ee7') in 0.043769 seconds 
  Import took 0.048994 seconds .

========================================================================
Received Import Request.
  Time since last request: 3.590905 seconds.
  path: Assets/Prefabs/UI/Selector Menus/SelectLevelOverlayCanvas 1.prefab
  artifactKey: Guid(748207d3bd2add64e87054e543b2f525) Importer(815301076,1909f56bfc062723c751e8b465ee728b)
Start importing Assets/Prefabs/UI/Selector Menus/SelectLevelOverlayCanvas 1.prefab using Guid(748207d3bd2add64e87054e543b2f525) Importer(815301076,1909f56bfc062723c751e8b465ee728b)  -> (artifact id: '4d9f6ccce96387a2d2a924d840ad0215') in 0.045754 seconds 
  Import took 0.050266 seconds .

========================================================================
Received Import Request.
  Time since last request: 2.363883 seconds.
  path: Assets/Prefabs/UI/Selector Menus/SelectLevelOverlayCanvas 1.prefab
  artifactKey: Guid(748207d3bd2add64e87054e543b2f525) Importer(815301076,1909f56bfc062723c751e8b465ee728b)
Start importing Assets/Prefabs/UI/Selector Menus/SelectLevelOverlayCanvas 1.prefab using Guid(748207d3bd2add64e87054e543b2f525) Importer(815301076,1909f56bfc062723c751e8b465ee728b)  -> (artifact id: '4f8985e7ade4bbcefd049795e7c3b94f') in 0.049262 seconds 
  Import took 0.054041 seconds .

========================================================================
Received Import Request.
  Time since last request: 2.791904 seconds.
  path: Assets/Prefabs/UI/Selector Menus/SelectLevelOverlayCanvas 1.prefab
  artifactKey: Guid(748207d3bd2add64e87054e543b2f525) Importer(815301076,1909f56bfc062723c751e8b465ee728b)
Start importing Assets/Prefabs/UI/Selector Menus/SelectLevelOverlayCanvas 1.prefab using Guid(748207d3bd2add64e87054e543b2f525) Importer(815301076,1909f56bfc062723c751e8b465ee728b)  -> (artifact id: '0a16c06aebc10282110507f5f26d7fa1') in 0.048558 seconds 
  Import took 0.053560 seconds .

========================================================================
Received Import Request.
  Time since last request: 5.450683 seconds.
  path: Assets/Prefabs/UI/Selector Menus/SelectLevelOverlayCanvas 1.prefab
  artifactKey: Guid(748207d3bd2add64e87054e543b2f525) Importer(815301076,1909f56bfc062723c751e8b465ee728b)
Start importing Assets/Prefabs/UI/Selector Menus/SelectLevelOverlayCanvas 1.prefab using Guid(748207d3bd2add64e87054e543b2f525) Importer(815301076,1909f56bfc062723c751e8b465ee728b)  -> (artifact id: '089e04d2bd92adb048b2472a7dcf92ee') in 0.046287 seconds 
  Import took 0.051055 seconds .

========================================================================
Received Import Request.
  Time since last request: 3.862984 seconds.
  path: Assets/Prefabs/UI/Selector Menus/SelectLevelOverlayCanvas 1.prefab
  artifactKey: Guid(748207d3bd2add64e87054e543b2f525) Importer(815301076,1909f56bfc062723c751e8b465ee728b)
Start importing Assets/Prefabs/UI/Selector Menus/SelectLevelOverlayCanvas 1.prefab using Guid(748207d3bd2add64e87054e543b2f525) Importer(815301076,1909f56bfc062723c751e8b465ee728b)  -> (artifact id: 'fad0f9aa44be1db843aebbd73540e060') in 0.048035 seconds 
  Import took 0.056013 seconds .

========================================================================
Received Prepare
Registering precompiled user dll's ...
Registered in 0.004886 seconds.
Begin MonoManager ReloadAssembly
Native extension for WindowsStandalone target not found
Refreshing native plugins compatible for Editor in 1.34 ms, found 3 plugins.
Preloading 0 native plugins for Editor in 0.00 ms.
Mono: successfully reloaded assembly
- Completed reload, in  2.871 seconds
Domain Reload Profiling:
	ReloadAssembly (2872ms)
		BeginReloadAssembly (242ms)
			ExecutionOrderSort (0ms)
			DisableScriptedObjects (27ms)
			BackupInstance (0ms)
			ReleaseScriptingObjects (0ms)
			CreateAndSetChildDomain (66ms)
		EndReloadAssembly (2490ms)
			LoadAssemblies (217ms)
			RebuildTransferFunctionScriptingTraits (0ms)
			SetupTypeCache (654ms)
			ReleaseScriptCaches (2ms)
			RebuildScriptCaches (123ms)
			SetupLoadedEditorAssemblies (1268ms)
				LogAssemblyErrors (0ms)
				InitializePlatformSupportModulesInManaged (79ms)
				SetLoadedEditorAssemblies (10ms)
				RefreshPlugins (9ms)
				BeforeProcessingInitializeOnLoad (405ms)
				ProcessInitializeOnLoadAttributes (744ms)
				ProcessInitializeOnLoadMethodAttributes (15ms)
				AfterProcessingInitializeOnLoad (5ms)
				EditorAssembliesLoaded (0ms)
			ExecutionOrderSort2 (0ms)
			AwakeInstancesAfterBackupRestoration (22ms)
Platform modules already initialized, skipping
Refreshing native plugins compatible for Editor in 1.46 ms, found 3 plugins.
Preloading 0 native plugins for Editor in 0.00 ms.
Unloading 2263 Unused Serialized files (Serialized files now loaded: 0)
System memory in use before: 112.2 MB.
System memory in use after: 112.4 MB.

Unloading 18 unused Assets to reduce memory usage. Loaded Objects now: 2756.
Total: 4.441300 ms (FindLiveObjects: 0.315000 ms CreateObjectMapping: 0.079400 ms MarkObjects: 4.004400 ms  DeleteObjects: 0.040400 ms)

AssetImportParameters requested are different than current active one (requested -> active):
  custom:framework-win-MediaFoundation: 216162199b28c13a410421893ffa2e32 -> 
  custom:video-decoder-ogg-theora: a1e56fd34408186e4bbccfd4996cb3dc -> 
  custom:container-muxer-webm: aa71ff27fc2769a1b78a27578f13a17b -> 
  custom:container-demuxer-webm: 4f35f7cbe854078d1ac9338744f61a02 -> 
  custom:container-demuxer-ogg: 62fdf1f143b41e24485cea50d1cbac27 -> 
  custom:video-encoder-webm-vp8: eb34c28f22e8b96e1ab97ce403110664 -> 
  custom:video-codec-MediaFoundation-h265: 746d11721c4dcdbdad8f713fa42b33f4 -> 
  custom:video-decoder-webm-vp8: 9c59270c3fd7afecdb556c50c9e8de78 -> 
  custom:audio-decoder-ogg-vorbis: bf7c407c2cedff20999df2af8eb42d56 -> 
  custom:audio-encoder-webm-vorbis: bf7c407c2cedff20999df2af8eb42d56 -> 
========================================================================
Received Prepare
Registering precompiled user dll's ...
Registered in 0.011388 seconds.
Begin MonoManager ReloadAssembly
Native extension for WindowsStandalone target not found
Refreshing native plugins compatible for Editor in 0.74 ms, found 3 plugins.
Preloading 0 native plugins for Editor in 0.00 ms.
Mono: successfully reloaded assembly
- Completed reload, in  1.898 seconds
Domain Reload Profiling:
	ReloadAssembly (1898ms)
		BeginReloadAssembly (206ms)
			ExecutionOrderSort (0ms)
			DisableScriptedObjects (14ms)
			BackupInstance (0ms)
			ReleaseScriptingObjects (0ms)
			CreateAndSetChildDomain (65ms)
		EndReloadAssembly (1585ms)
			LoadAssemblies (165ms)
			RebuildTransferFunctionScriptingTraits (0ms)
			SetupTypeCache (553ms)
			ReleaseScriptCaches (2ms)
			RebuildScriptCaches (86ms)
			SetupLoadedEditorAssemblies (571ms)
				LogAssemblyErrors (0ms)
				InitializePlatformSupportModulesInManaged (11ms)
				SetLoadedEditorAssemblies (1ms)
				RefreshPlugins (1ms)
				BeforeProcessingInitializeOnLoad (189ms)
				ProcessInitializeOnLoadAttributes (349ms)
				ProcessInitializeOnLoadMethodAttributes (16ms)
				AfterProcessingInitializeOnLoad (4ms)
				EditorAssembliesLoaded (0ms)
			ExecutionOrderSort2 (0ms)
			AwakeInstancesAfterBackupRestoration (45ms)
Platform modules already initialized, skipping
Refreshing native plugins compatible for Editor in 0.72 ms, found 3 plugins.
Preloading 0 native plugins for Editor in 0.00 ms.
Unloading 2263 Unused Serialized files (Serialized files now loaded: 0)
System memory in use before: 112.1 MB.
System memory in use after: 112.4 MB.

Unloading 16 unused Assets to reduce memory usage. Loaded Objects now: 2758.
Total: 4.313300 ms (FindLiveObjects: 0.293600 ms CreateObjectMapping: 0.070500 ms MarkObjects: 3.915500 ms  DeleteObjects: 0.031800 ms)

AssetImportParameters requested are different than current active one (requested -> active):
  custom:framework-win-MediaFoundation: 216162199b28c13a410421893ffa2e32 -> 
  custom:video-decoder-ogg-theora: a1e56fd34408186e4bbccfd4996cb3dc -> 
  custom:container-muxer-webm: aa71ff27fc2769a1b78a27578f13a17b -> 
  custom:container-demuxer-webm: 4f35f7cbe854078d1ac9338744f61a02 -> 
  custom:container-demuxer-ogg: 62fdf1f143b41e24485cea50d1cbac27 -> 
  custom:video-encoder-webm-vp8: eb34c28f22e8b96e1ab97ce403110664 -> 
  custom:video-codec-MediaFoundation-h265: 746d11721c4dcdbdad8f713fa42b33f4 -> 
  custom:video-decoder-webm-vp8: 9c59270c3fd7afecdb556c50c9e8de78 -> 
  custom:audio-decoder-ogg-vorbis: bf7c407c2cedff20999df2af8eb42d56 -> 
  custom:audio-encoder-webm-vorbis: bf7c407c2cedff20999df2af8eb42d56 -> 
========================================================================
Received Prepare
Registering precompiled user dll's ...
Registered in 0.004988 seconds.
Begin MonoManager ReloadAssembly
Native extension for WindowsStandalone target not found
Refreshing native plugins compatible for Editor in 0.71 ms, found 3 plugins.
Preloading 0 native plugins for Editor in 0.00 ms.
Mono: successfully reloaded assembly
- Completed reload, in  2.800 seconds
Domain Reload Profiling:
	ReloadAssembly (2801ms)
		BeginReloadAssembly (218ms)
			ExecutionOrderSort (0ms)
			DisableScriptedObjects (16ms)
			BackupInstance (0ms)
			ReleaseScriptingObjects (0ms)
			CreateAndSetChildDomain (60ms)
		EndReloadAssembly (2482ms)
			LoadAssemblies (179ms)
			RebuildTransferFunctionScriptingTraits (0ms)
			SetupTypeCache (599ms)
			ReleaseScriptCaches (2ms)
			RebuildScriptCaches (120ms)
			SetupLoadedEditorAssemblies (1368ms)
				LogAssemblyErrors (0ms)
				InitializePlatformSupportModulesInManaged (11ms)
				SetLoadedEditorAssemblies (1ms)
				RefreshPlugins (1ms)
				BeforeProcessingInitializeOnLoad (387ms)
				ProcessInitializeOnLoadAttributes (886ms)
				ProcessInitializeOnLoadMethodAttributes (65ms)
				AfterProcessingInitializeOnLoad (16ms)
				EditorAssembliesLoaded (0ms)
			ExecutionOrderSort2 (0ms)
			AwakeInstancesAfterBackupRestoration (40ms)
Platform modules already initialized, skipping
Refreshing native plugins compatible for Editor in 1.13 ms, found 3 plugins.
Preloading 0 native plugins for Editor in 0.00 ms.
Unloading 2263 Unused Serialized files (Serialized files now loaded: 0)
System memory in use before: 112.2 MB.
System memory in use after: 112.5 MB.

Unloading 16 unused Assets to reduce memory usage. Loaded Objects now: 2760.
Total: 5.655100 ms (FindLiveObjects: 0.680900 ms CreateObjectMapping: 0.309000 ms MarkObjects: 4.632100 ms  DeleteObjects: 0.031200 ms)

AssetImportParameters requested are different than current active one (requested -> active):
  custom:framework-win-MediaFoundation: 216162199b28c13a410421893ffa2e32 -> 
  custom:video-decoder-ogg-theora: a1e56fd34408186e4bbccfd4996cb3dc -> 
  custom:container-muxer-webm: aa71ff27fc2769a1b78a27578f13a17b -> 
  custom:container-demuxer-webm: 4f35f7cbe854078d1ac9338744f61a02 -> 
  custom:container-demuxer-ogg: 62fdf1f143b41e24485cea50d1cbac27 -> 
  custom:video-encoder-webm-vp8: eb34c28f22e8b96e1ab97ce403110664 -> 
  custom:video-codec-MediaFoundation-h265: 746d11721c4dcdbdad8f713fa42b33f4 -> 
  custom:video-decoder-webm-vp8: 9c59270c3fd7afecdb556c50c9e8de78 -> 
  custom:audio-decoder-ogg-vorbis: bf7c407c2cedff20999df2af8eb42d56 -> 
  custom:audio-encoder-webm-vorbis: bf7c407c2cedff20999df2af8eb42d56 -> 
========================================================================
Received Import Request.
  Time since last request: 452.711814 seconds.
  path: Assets/Scripts/CompleteLevel.cs
  artifactKey: Guid(1c71399fd7d5dfe4486622c4879ab720) Importer(815301076,1909f56bfc062723c751e8b465ee728b)
Start importing Assets/Scripts/CompleteLevel.cs using Guid(1c71399fd7d5dfe4486622c4879ab720) Importer(815301076,1909f56bfc062723c751e8b465ee728b)  -> (artifact id: '5e62b75a5a7fab3716356ea51d049a00') in 0.059574 seconds 
  Import took 0.064051 seconds .

========================================================================
Received Import Request.
  Time since last request: 6.141816 seconds.
  path: Assets/Scripts/LevelSelector.cs
  artifactKey: Guid(5b8fe1ad48972814cadcf02e0b3f6a30) Importer(815301076,1909f56bfc062723c751e8b465ee728b)
Start importing Assets/Scripts/LevelSelector.cs using Guid(5b8fe1ad48972814cadcf02e0b3f6a30) Importer(815301076,1909f56bfc062723c751e8b465ee728b)  -> (artifact id: '385e38a1fb8a1086f2e52ccf97596a12') in 0.017987 seconds 
  Import took 0.030552 seconds .

========================================================================
Received Prepare
Registering precompiled user dll's ...
Registered in 0.005369 seconds.
Begin MonoManager ReloadAssembly
Native extension for WindowsStandalone target not found
Refreshing native plugins compatible for Editor in 0.71 ms, found 3 plugins.
Preloading 0 native plugins for Editor in 0.00 ms.
Mono: successfully reloaded assembly
- Completed reload, in  1.476 seconds
Domain Reload Profiling:
	ReloadAssembly (1476ms)
		BeginReloadAssembly (166ms)
			ExecutionOrderSort (0ms)
			DisableScriptedObjects (10ms)
			BackupInstance (0ms)
			ReleaseScriptingObjects (0ms)
			CreateAndSetChildDomain (42ms)
		EndReloadAssembly (1223ms)
			LoadAssemblies (148ms)
			RebuildTransferFunctionScriptingTraits (0ms)
			SetupTypeCache (395ms)
			ReleaseScriptCaches (2ms)
			RebuildScriptCaches (73ms)
			SetupLoadedEditorAssemblies (466ms)
				LogAssemblyErrors (0ms)
				InitializePlatformSupportModulesInManaged (7ms)
				SetLoadedEditorAssemblies (1ms)
				RefreshPlugins (1ms)
				BeforeProcessingInitializeOnLoad (145ms)
				ProcessInitializeOnLoadAttributes (299ms)
				ProcessInitializeOnLoadMethodAttributes (9ms)
				AfterProcessingInitializeOnLoad (3ms)
				EditorAssembliesLoaded (0ms)
			ExecutionOrderSort2 (0ms)
			AwakeInstancesAfterBackupRestoration (17ms)
Platform modules already initialized, skipping
Refreshing native plugins compatible for Editor in 0.72 ms, found 3 plugins.
Preloading 0 native plugins for Editor in 0.00 ms.
Unloading 2263 Unused Serialized files (Serialized files now loaded: 0)
System memory in use before: 112.3 MB.
System memory in use after: 112.5 MB.

Unloading 16 unused Assets to reduce memory usage. Loaded Objects now: 2762.
Total: 3.976300 ms (FindLiveObjects: 0.305500 ms CreateObjectMapping: 0.070700 ms MarkObjects: 3.576300 ms  DeleteObjects: 0.022600 ms)

AssetImportParameters requested are different than current active one (requested -> active):
  custom:framework-win-MediaFoundation: 216162199b28c13a410421893ffa2e32 -> 
  custom:video-decoder-ogg-theora: a1e56fd34408186e4bbccfd4996cb3dc -> 
  custom:container-muxer-webm: aa71ff27fc2769a1b78a27578f13a17b -> 
  custom:container-demuxer-webm: 4f35f7cbe854078d1ac9338744f61a02 -> 
  custom:container-demuxer-ogg: 62fdf1f143b41e24485cea50d1cbac27 -> 
  custom:video-encoder-webm-vp8: eb34c28f22e8b96e1ab97ce403110664 -> 
  custom:video-codec-MediaFoundation-h265: 746d11721c4dcdbdad8f713fa42b33f4 -> 
  custom:video-decoder-webm-vp8: 9c59270c3fd7afecdb556c50c9e8de78 -> 
  custom:audio-decoder-ogg-vorbis: bf7c407c2cedff20999df2af8eb42d56 -> 
  custom:audio-encoder-webm-vorbis: bf7c407c2cedff20999df2af8eb42d56 -> 
========================================================================
Received Prepare
Registering precompiled user dll's ...
Registered in 0.005004 seconds.
Begin MonoManager ReloadAssembly
Native extension for WindowsStandalone target not found
Refreshing native plugins compatible for Editor in 0.99 ms, found 3 plugins.
Preloading 0 native plugins for Editor in 0.00 ms.
Mono: successfully reloaded assembly
- Completed reload, in  1.361 seconds
Domain Reload Profiling:
	ReloadAssembly (1361ms)
		BeginReloadAssembly (147ms)
			ExecutionOrderSort (0ms)
			DisableScriptedObjects (10ms)
			BackupInstance (0ms)
			ReleaseScriptingObjects (0ms)
			CreateAndSetChildDomain (43ms)
		EndReloadAssembly (1136ms)
			LoadAssemblies (129ms)
			RebuildTransferFunctionScriptingTraits (0ms)
			SetupTypeCache (362ms)
			ReleaseScriptCaches (2ms)
			RebuildScriptCaches (67ms)
			SetupLoadedEditorAssemblies (434ms)
				LogAssemblyErrors (0ms)
				InitializePlatformSupportModulesInManaged (6ms)
				SetLoadedEditorAssemblies (1ms)
				RefreshPlugins (1ms)
				BeforeProcessingInitializeOnLoad (155ms)
				ProcessInitializeOnLoadAttributes (260ms)
				ProcessInitializeOnLoadMethodAttributes (8ms)
				AfterProcessingInitializeOnLoad (3ms)
				EditorAssembliesLoaded (0ms)
			ExecutionOrderSort2 (0ms)
			AwakeInstancesAfterBackupRestoration (14ms)
Platform modules already initialized, skipping
Refreshing native plugins compatible for Editor in 0.70 ms, found 3 plugins.
Preloading 0 native plugins for Editor in 0.00 ms.
Unloading 2263 Unused Serialized files (Serialized files now loaded: 0)
System memory in use before: 112.3 MB.
System memory in use after: 112.5 MB.

Unloading 16 unused Assets to reduce memory usage. Loaded Objects now: 2764.
Total: 4.342200 ms (FindLiveObjects: 0.300500 ms CreateObjectMapping: 0.071400 ms MarkObjects: 3.947200 ms  DeleteObjects: 0.021500 ms)

AssetImportParameters requested are different than current active one (requested -> active):
  custom:framework-win-MediaFoundation: 216162199b28c13a410421893ffa2e32 -> 
  custom:video-decoder-ogg-theora: a1e56fd34408186e4bbccfd4996cb3dc -> 
  custom:container-muxer-webm: aa71ff27fc2769a1b78a27578f13a17b -> 
  custom:container-demuxer-webm: 4f35f7cbe854078d1ac9338744f61a02 -> 
  custom:container-demuxer-ogg: 62fdf1f143b41e24485cea50d1cbac27 -> 
  custom:video-encoder-webm-vp8: eb34c28f22e8b96e1ab97ce403110664 -> 
  custom:video-codec-MediaFoundation-h265: 746d11721c4dcdbdad8f713fa42b33f4 -> 
  custom:video-decoder-webm-vp8: 9c59270c3fd7afecdb556c50c9e8de78 -> 
  custom:audio-decoder-ogg-vorbis: bf7c407c2cedff20999df2af8eb42d56 -> 
  custom:audio-encoder-webm-vorbis: bf7c407c2cedff20999df2af8eb42d56 -> 
========================================================================
Received Import Request.
  Time since last request: 288.491223 seconds.
  path: Assets/Prefabs/UI/Selector Menus/SelectLevelOverlayCanvas.prefab
  artifactKey: Guid(88b22628db802884388c3335fc3a243c) Importer(815301076,1909f56bfc062723c751e8b465ee728b)
Start importing Assets/Prefabs/UI/Selector Menus/SelectLevelOverlayCanvas.prefab using Guid(88b22628db802884388c3335fc3a243c) Importer(815301076,1909f56bfc062723c751e8b465ee728b)  -> (artifact id: 'ac2e9c2509bff2d51d8336c57e38fd75') in 0.143782 seconds 
  Import took 0.149214 seconds .

========================================================================
Received Prepare
Registering precompiled user dll's ...
Registered in 0.005385 seconds.
Begin MonoManager ReloadAssembly
Native extension for WindowsStandalone target not found
Refreshing native plugins compatible for Editor in 0.72 ms, found 3 plugins.
Preloading 0 native plugins for Editor in 0.00 ms.
Mono: successfully reloaded assembly
- Completed reload, in  1.349 seconds
Domain Reload Profiling:
	ReloadAssembly (1350ms)
		BeginReloadAssembly (152ms)
			ExecutionOrderSort (0ms)
			DisableScriptedObjects (10ms)
			BackupInstance (0ms)
			ReleaseScriptingObjects (0ms)
			CreateAndSetChildDomain (52ms)
		EndReloadAssembly (1119ms)
			LoadAssemblies (130ms)
			RebuildTransferFunctionScriptingTraits (0ms)
			SetupTypeCache (373ms)
			ReleaseScriptCaches (2ms)
			RebuildScriptCaches (70ms)
			SetupLoadedEditorAssemblies (418ms)
				LogAssemblyErrors (0ms)
				InitializePlatformSupportModulesInManaged (6ms)
				SetLoadedEditorAssemblies (1ms)
				RefreshPlugins (1ms)
				BeforeProcessingInitializeOnLoad (133ms)
				ProcessInitializeOnLoadAttributes (265ms)
				ProcessInitializeOnLoadMethodAttributes (8ms)
				AfterProcessingInitializeOnLoad (3ms)
				EditorAssembliesLoaded (0ms)
			ExecutionOrderSort2 (0ms)
			AwakeInstancesAfterBackupRestoration (14ms)
Platform modules already initialized, skipping
Refreshing native plugins compatible for Editor in 0.71 ms, found 3 plugins.
Preloading 0 native plugins for Editor in 0.00 ms.
Unloading 2263 Unused Serialized files (Serialized files now loaded: 0)
System memory in use before: 112.3 MB.
System memory in use after: 112.5 MB.

Unloading 18 unused Assets to reduce memory usage. Loaded Objects now: 2766.
Total: 4.213100 ms (FindLiveObjects: 0.317400 ms CreateObjectMapping: 0.069700 ms MarkObjects: 3.786100 ms  DeleteObjects: 0.038000 ms)

AssetImportParameters requested are different than current active one (requested -> active):
  custom:framework-win-MediaFoundation: 216162199b28c13a410421893ffa2e32 -> 
  custom:video-decoder-ogg-theora: a1e56fd34408186e4bbccfd4996cb3dc -> 
  custom:container-muxer-webm: aa71ff27fc2769a1b78a27578f13a17b -> 
  custom:container-demuxer-webm: 4f35f7cbe854078d1ac9338744f61a02 -> 
  custom:container-demuxer-ogg: 62fdf1f143b41e24485cea50d1cbac27 -> 
  custom:video-encoder-webm-vp8: eb34c28f22e8b96e1ab97ce403110664 -> 
  custom:video-codec-MediaFoundation-h265: 746d11721c4dcdbdad8f713fa42b33f4 -> 
  custom:video-decoder-webm-vp8: 9c59270c3fd7afecdb556c50c9e8de78 -> 
  custom:audio-decoder-ogg-vorbis: bf7c407c2cedff20999df2af8eb42d56 -> 
  custom:audio-encoder-webm-vorbis: bf7c407c2cedff20999df2af8eb42d56 -> 
========================================================================
Received Import Request.
  Time since last request: 117.255761 seconds.
  path: Assets/Scenes/CharacterSelect.unity
  artifactKey: Guid(ace048107fce08a458e7feb55f9edf06) Importer(815301076,1909f56bfc062723c751e8b465ee728b)
Start importing Assets/Scenes/CharacterSelect.unity using Guid(ace048107fce08a458e7feb55f9edf06) Importer(815301076,1909f56bfc062723c751e8b465ee728b)  -> (artifact id: '3d3f66ec68a4fce959c16951b703c722') in 0.025970 seconds 
  Import took 0.030551 seconds .

========================================================================
Received Import Request.
  Time since last request: 270.141795 seconds.
  path: Assets/Scenes/Levels/Level2.unity
  artifactKey: Guid(05a7a859ecf7dd943ba6381388085675) Importer(815301076,1909f56bfc062723c751e8b465ee728b)
Start importing Assets/Scenes/Levels/Level2.unity using Guid(05a7a859ecf7dd943ba6381388085675) Importer(815301076,1909f56bfc062723c751e8b465ee728b)  -> (artifact id: '53d05c963703002f31804b1825bfcfc3') in 0.011461 seconds 
  Import took 0.029987 seconds .

========================================================================
Received Import Request.
  Time since last request: 223.112798 seconds.
  path: Assets/Scenes/Levels/Level3.unity
  artifactKey: Guid(dc308894794bf5b41aeb7797fa09b49c) Importer(815301076,1909f56bfc062723c751e8b465ee728b)
Start importing Assets/Scenes/Levels/Level3.unity using Guid(dc308894794bf5b41aeb7797fa09b49c) Importer(815301076,1909f56bfc062723c751e8b465ee728b)  -> (artifact id: '060b31f5af2bd64372e4c3c104ca1291') in 0.006774 seconds 
  Import took 0.012500 seconds .

========================================================================
Received Import Request.
  Time since last request: 155.934372 seconds.
  path: Assets/Scenes/Levels/Level4.unity
  artifactKey: Guid(ad29cbecef2bc514bb8b24bade6b1065) Importer(815301076,1909f56bfc062723c751e8b465ee728b)
Start importing Assets/Scenes/Levels/Level4.unity using Guid(ad29cbecef2bc514bb8b24bade6b1065) Importer(815301076,1909f56bfc062723c751e8b465ee728b)  -> (artifact id: '8229925e41006faf0f89a14c4dedc6b5') in 0.013878 seconds 
  Import took 0.018427 seconds .

========================================================================
Received Import Request.
  Time since last request: 178.000303 seconds.
  path: Assets/Scenes/Levels/Level5.unity
  artifactKey: Guid(704f63fd36b3ad749a07ee68a40792e1) Importer(815301076,1909f56bfc062723c751e8b465ee728b)
Start importing Assets/Scenes/Levels/Level5.unity using Guid(704f63fd36b3ad749a07ee68a40792e1) Importer(815301076,1909f56bfc062723c751e8b465ee728b)  -> (artifact id: 'a59a7dc45fe79491e8e928a4d95bdd53') in 0.010697 seconds 
  Import took 0.015972 seconds .

========================================================================
Received Import Request.
  Time since last request: 195.325732 seconds.
  path: Assets/Scenes/Levels/Level6.unity
  artifactKey: Guid(c001a20206290984a9288dce5d131fd3) Importer(815301076,1909f56bfc062723c751e8b465ee728b)
Start importing Assets/Scenes/Levels/Level6.unity using Guid(c001a20206290984a9288dce5d131fd3) Importer(815301076,1909f56bfc062723c751e8b465ee728b)  -> (artifact id: 'd4fc1592e28be4f9472ebeea6c580aeb') in 0.028447 seconds 
  Import took 0.033058 seconds .

========================================================================
Received Import Request.
  Time since last request: 118.568720 seconds.
  path: Assets/Scenes/Levels/Level7.unity
  artifactKey: Guid(947a190349df6fa43ad73ca6c8f8b573) Importer(815301076,1909f56bfc062723c751e8b465ee728b)
Start importing Assets/Scenes/Levels/Level7.unity using Guid(947a190349df6fa43ad73ca6c8f8b573) Importer(815301076,1909f56bfc062723c751e8b465ee728b)  -> (artifact id: '14166ad505b857c4d97fb27194de4aac') in 0.010061 seconds 
  Import took 0.014950 seconds .

========================================================================
Received Import Request.
  Time since last request: 119.945942 seconds.
  path: Assets/Scenes/Levels/Level8.unity
  artifactKey: Guid(b34c29a0ae070a04fa38a4bd2b6d2f58) Importer(815301076,1909f56bfc062723c751e8b465ee728b)
Start importing Assets/Scenes/Levels/Level8.unity using Guid(b34c29a0ae070a04fa38a4bd2b6d2f58) Importer(815301076,1909f56bfc062723c751e8b465ee728b)  -> (artifact id: 'e7f99a7e08e0ce6fe62eeef6965aa173') in 0.010527 seconds 
  Import took 0.016092 seconds .

========================================================================
Received Import Request.
  Time since last request: 143.610524 seconds.
  path: Assets/Scenes/Levels/Level9.unity
  artifactKey: Guid(6b5ba1b8a2cd60b48ac3c7735f736ef6) Importer(815301076,1909f56bfc062723c751e8b465ee728b)
Start importing Assets/Scenes/Levels/Level9.unity using Guid(6b5ba1b8a2cd60b48ac3c7735f736ef6) Importer(815301076,1909f56bfc062723c751e8b465ee728b)  -> (artifact id: '87bb5cbc76f2e67d1132f79da74bd609') in 0.011485 seconds 
  Import took 0.016144 seconds .

========================================================================
Received Import Request.
  Time since last request: 177.088658 seconds.
  path: Assets/Scenes/Levels/Level10.unity
  artifactKey: Guid(ff3ef012a11845241ae72e0c107957b3) Importer(815301076,1909f56bfc062723c751e8b465ee728b)
Start importing Assets/Scenes/Levels/Level10.unity using Guid(ff3ef012a11845241ae72e0c107957b3) Importer(815301076,1909f56bfc062723c751e8b465ee728b)  -> (artifact id: 'a62ec676f6f41e1c2d9ef7c2dea33fae') in 0.013130 seconds 
  Import took 0.023852 seconds .

========================================================================
Received Import Request.
  Time since last request: 150.082082 seconds.
  path: Assets/Scenes/Levels/Level11.unity
  artifactKey: Guid(34d5879f4ef442a40a578f5488ac9002) Importer(815301076,1909f56bfc062723c751e8b465ee728b)
Start importing Assets/Scenes/Levels/Level11.unity using Guid(34d5879f4ef442a40a578f5488ac9002) Importer(815301076,1909f56bfc062723c751e8b465ee728b)  -> (artifact id: 'c09eff7a3dc4ee51d1aa0d22b68ebd8e') in 0.011479 seconds 
  Import took 0.016560 seconds .

AssetImportWorkerClient::OnTransportError - code=2 error=End of file
